[www.ojieame.design/index.html]
[backblue.gif]
[fade.gif]
[index.html]
[uploads-ssl.webflow.com/5b32655069229148933e1636/css/ojieame.webflow.01c801302.css]
[ajax.googleapis.com/ajax/libs/webfont/1.6.26/webfont.js]
[uploads-ssl.webflow.com/img/webclip.png]
[d3e54v103j8qbb.cloudfront.net/js/jquery-3.5.1.min.dc5e7f18c814f2.js]
[www.ojieame.design/index.html]
[uploads-ssl.webflow.com/5b32655069229148933e1636/js/webflow.7fc2b3ab7.js]
[uploads-ssl.webflow.com/5b32655069229148933e1636/5b33609ae43d9d574f5a17ab_lm.jpg]
[uploads-ssl.webflow.com/5b32655069229148933e1636/5b33a295c698a7063367763e_Artboard 2 Copy.jpg]
[uploads-ssl.webflow.com/5b32655069229148933e1636/5b3464eae851812c9c50f205_bbbbbbb.jpg]
[uploads-ssl.webflow.com/5b32655069229148933e1636/5b346b373717ce4fcf5e717d_Mi Mix 2S.png]
[uploads-ssl.webflow.com/5b32655069229148933e1636/5d337d7e166bd8967ea87246_lokoppo.png]
[uploads-ssl.webflow.com/5b32655069229148933e1636/5b33a1be775e21c1291e2f6b_Artboard 2 Copyewq.jpg]
[uploads-ssl.webflow.com/5b32655069229148933e1636/5b346c797baa7f543569d1f4_bncq.jpg]
[uploads-ssl.webflow.com/5b32655069229148933e1636/5b33cef6c698a7c2d167a448_Untitled-3.png]
[uploads-ssl.webflow.com/5b32655069229148933e1636/5b3442cf66025460b001f8ab_VEWQ.png]
[uploads-ssl.webflow.com/5b32655069229148933e1636/5d2d338eb4a76d32bc383a03_rewqa.png]
[uploads-ssl.webflow.com/5b32655069229148933e1636/5d35356c166bd81f19ad1c36_tut.png]
[uploads-ssl.webflow.com/5b32655069229148933e1636/5d3371b032a801b2d3f82c1b_man-in-bed-at-home-suffering-from-headache-PWE9LCU.png]
[uploads-ssl.webflow.com/5b32655069229148933e1636/5d300f9d8e44eb5e51b0cfc8_01.png]
[uploads-ssl.webflow.com/5b32655069229148933e1636/5d30225274677a3b801cfa2c_23asd.png]
[uploads-ssl.webflow.com/5b32655069229148933e1636/5d3019058e44eb6fe2b0e874_polkikjhgf.png]
[uploads-ssl.webflow.com/5b32655069229148933e1636/5d301a2e26763494abe7ac78_newsaq.png]
[uploads-ssl.webflow.com/5b32655069229148933e1636/5d302051be811834e12ab00f_Group 34as.png]
[uploads-ssl.webflow.com/5b32655069229148933e1636/5d307e45b0d1304cd3e1d081_firesd.png]
[uploads-ssl.webflow.com/5b32655069229148933e1636/5d302796be81180f102acbde_WQSDFF.png]
[uploads-ssl.webflow.com/5b32655069229148933e1636/5d302d20e88321db0c11f2f3_GGOOD.png]
[uploads-ssl.webflow.com/5b32655069229148933e1636/5d306b46ffc9be66e681522e_XSA.png]
[uploads-ssl.webflow.com/5b32655069229148933e1636/5d313ca0de3f4c846707d4dd_kol.png]
[uploads-ssl.webflow.com/5b32655069229148933e1636/5d313d18de3f4cd8fc07d563_loko.png]
[uploads-ssl.webflow.com/5b32655069229148933e1636/5d313d626c752838ca14cfbd_boko.png]
[uploads-ssl.webflow.com/5b32655069229148933e1636/5d322166bdb594749ac08450_rtfd.png]
[uploads-ssl.webflow.com/5b32655069229148933e1636/5d32396e1f0a4c2a1f760832_Soovu D231.png]
[uploads-ssl.webflow.com/5b32655069229148933e1636/5d323a0e761df5019063e075_LKAJ.png]
[uploads-ssl.webflow.com/5b32655069229148933e1636/5d324678281f9b615d21812e_1QA.png]
[uploads-ssl.webflow.com/5b32655069229148933e1636/5d325fc777686859754ad777_Gro27.png]
[uploads-ssl.webflow.com/5b32655069229148933e1636/5d32688b166bd807c0a5555f_N234.png]
[uploads-ssl.webflow.com/5b32655069229148933e1636/5d32691932a801261bf541b0_KNOAS.png]
[uploads-ssl.webflow.com/5b32655069229148933e1636/5d33d729d1cb7f424a33d2a7_qertw.png]
[uploads-ssl.webflow.com/5b32655069229148933e1636/5d33d6e96b1d5c3f791eb446_turer.png]
[uploads-ssl.webflow.com/5b32655069229148933e1636/5d32b080166bd8cf04a5f336_ginalsd.png]
[uploads-ssl.webflow.com/5b32655069229148933e1636/5d32b12d77686807dd4ba1c4_koals.png]
[uploads-ssl.webflow.com/5b32655069229148933e1636/5d3012df8e44ebc324b0d368_01.png]
[uploads-ssl.webflow.com/5b32655069229148933e1636/5d3564b1d1cb7fb1e238a6eb_pnhg.png]
[uploads-ssl.webflow.com/5b32655069229148933e1636/css/ojieame.webflow.01c801302.css]
[www.ojieame.design/_https_/uploads-ssl.webflow.com/5b32655069229148933e1636/5b33c8c5e43d9d10fd5aa416_mnnn-poster-00001.jpg_]
[www.ojieame.design/health]
[www.ojieame.design/firstbankquest]
